
Showing Recent Errors Only

Build target leveldb-library of project Pods with configuration Debug

CodeSign /Users/toto/Library/Developer/Xcode/DerivedData/gama_driver-gbsukhebkfgletcnxidtxgnlkcik/Build/Products/Debug-iphonesimulator/leveldb-library/leveldb.framework (in target 'leveldb-library' from project 'Pods')
    cd /Users/toto/Desktop/gamav2_driver/ios/Pods
    
    Signing Identity:     "-"
    
    /usr/bin/codesign --force --sign - --timestamp\=none --generate-entitlement-der /Users/toto/Library/Developer/Xcode/DerivedData/gama_driver-gbsukhebkfgletcnxidtxgnlkcik/Build/Products/Debug-iphonesimulator/leveldb-library/leveldb.framework

note: Signing static framework with --generate-pre-encrypt-hashes (in target 'leveldb-library' from project 'Pods')
Command CodeSign failed with a nonzero exit code

Command CodeSign failed with a nonzero exit code


Build target glog of project Pods with configuration Debug

CodeSign /Users/toto/Library/Developer/Xcode/DerivedData/gama_driver-gbsukhebkfgletcnxidtxgnlkcik/Build/Products/Debug-iphonesimulator/glog/glog.framework (in target 'glog' from project 'Pods')
    cd /Users/toto/Desktop/gamav2_driver/ios/Pods
    
    Signing Identity:     "-"
    
    /usr/bin/codesign --force --sign - --timestamp\=none --generate-entitlement-der /Users/toto/Library/Developer/Xcode/DerivedData/gama_driver-gbsukhebkfgletcnxidtxgnlkcik/Build/Products/Debug-iphonesimulator/glog/glog.framework

note: Signing static framework with --generate-pre-encrypt-hashes (in target 'glog' from project 'Pods')
Command CodeSign failed with a nonzero exit code

Command CodeSign failed with a nonzero exit code


Build target FirebaseSharedSwift of project Pods with configuration Debug

SwiftEmitModule normal x86_64 Emitting\ module\ for\ FirebaseSharedSwift (in target 'FirebaseSharedSwift' from project 'Pods')
    cd /Users/toto/Desktop/gamav2_driver/ios/Pods
    builtin-swiftTaskExecution -- /Applications/Xcode.app/Contents/Developer/Toolchains/XcodeDefault.xctoolchain/usr/bin/swift-frontend -frontend -emit-module -experimental-skip-non-inlinable-function-bodies-without-types /Users/toto/Desktop/gamav2_driver/ios/Pods/FirebaseSharedSwift/FirebaseSharedSwift/Sources/third_party/FirebaseDataEncoder/FirebaseDataEncoder.swift /Users/toto/Desktop/gamav2_driver/ios/Pods/FirebaseSharedSwift/FirebaseSharedSwift/Sources/FirebaseRemoteConfigValueDecoding.swift -target x86_64-apple-ios13.0-simulator -enable-objc-interop -sdk /Applications/Xcode.app/Contents/Developer/Platforms/iPhoneSimulator.platform/Developer/SDKs/iPhoneSimulator17.2.sdk -I /Users/toto/Library/Developer/Xcode/DerivedData/gama_driver-gbsukhebkfgletcnxidtxgnlkcik/Build/Products/Debug-iphonesimulator/FirebaseSharedSwift -F /Users/toto/Library/Developer/Xcode/DerivedData/gama_driver-gbsukhebkfgletcnxidtxgnlkcik/Build/Products/Debug-iphonesimulator/FirebaseSharedSwift -no-color-diagnostics -enable-testing -g -import-underlying-module -module-cache-path /Users/toto/Library/Developer/Xcode/DerivedData/ModuleCache.noindex -swift-version 5 -enforce-exclusivity\=checked -Onone -D DEBUG -D COCOAPODS -serialize-debugging-options -const-gather-protocols-file /Users/toto/Library/Developer/Xcode/DerivedData/gama_driver-gbsukhebkfgletcnxidtxgnlkcik/Build/Intermediates.noindex/Pods.build/Debug-iphonesimulator/FirebaseSharedSwift.build/Objects-normal/x86_64/FirebaseSharedSwift_const_extract_protocols.json -enable-bare-slash-regex -empty-abi-descriptor -validate-clang-modules-once -clang-build-session-file /Users/toto/Library/Developer/Xcode/DerivedData/ModuleCache.noindex/Session.modulevalidation -Xcc -working-directory -Xcc /Users/toto/Desktop/gamav2_driver/ios/Pods -resource-dir /Applications/Xcode.app/Contents/Developer/Toolchains/XcodeDefault.xctoolchain/usr/lib/swift -enable-anonymous-context-mangled-names -Xcc -ivfsstatcache -Xcc /Users/toto/Library/Developer/Xcode/DerivedData/SDKStatCaches.noindex/iphonesimulator17.2-21C52-4f2951bfe8f3cd53c99228b0131e163e.sdkstatcache -Xcc -I/Users/toto/Library/Developer/Xcode/DerivedData/gama_driver-gbsukhebkfgletcnxidtxgnlkcik/Build/Intermediates.noindex/Pods.build/Debug-iphonesimulator/FirebaseSharedSwift.build/swift-overrides.hmap -Xcc -iquote -Xcc /Users/toto/Library/Developer/Xcode/DerivedData/gama_driver-gbsukhebkfgletcnxidtxgnlkcik/Build/Intermediates.noindex/Pods.build/Debug-iphonesimulator/FirebaseSharedSwift.build/FirebaseSharedSwift-generated-files.hmap -Xcc -I/Users/toto/Library/Developer/Xcode/DerivedData/gama_driver-gbsukhebkfgletcnxidtxgnlkcik/Build/Intermediates.noindex/Pods.build/Debug-iphonesimulator/FirebaseSharedSwift.build/FirebaseSharedSwift-own-target-headers.hmap -Xcc -I/Users/toto/Library/Developer/Xcode/DerivedData/gama_driver-gbsukhebkfgletcnxidtxgnlkcik/Build/Intermediates.noindex/Pods.build/Debug-iphonesimulator/FirebaseSharedSwift.build/FirebaseSharedSwift-all-non-framework-target-headers.hmap -Xcc -ivfsoverlay -Xcc /Users/toto/Library/Developer/Xcode/DerivedData/gama_driver-gbsukhebkfgletcnxidtxgnlkcik/Build/Intermediates.noindex/Pods.build/Debug-iphonesimulator/FirebaseSharedSwift.build/all-product-headers.yaml -Xcc -iquote -Xcc /Users/toto/Library/Developer/Xcode/DerivedData/gama_driver-gbsukhebkfgletcnxidtxgnlkcik/Build/Intermediates.noindex/Pods.build/Debug-iphonesimulator/FirebaseSharedSwift.build/FirebaseSharedSwift-project-headers.hmap -Xcc -I/Users/toto/Library/Developer/Xcode/DerivedData/gama_driver-gbsukhebkfgletcnxidtxgnlkcik/Build/Products/Debug-iphonesimulator/FirebaseSharedSwift/include -Xcc -I/Users/toto/Library/Developer/Xcode/DerivedData/gama_driver-gbsukhebkfgletcnxidtxgnlkcik/Build/Products/Debug-iphonesimulator/ReactCommon/ReactCommon.framework/Headers -Xcc -I/Users/toto/Library/Developer/Xcode/DerivedData/gama_driver-gbsukhebkfgletcnxidtxgnlkcik/Build/Products/Debug-iphonesimulator/ReactCommon/ReactCommon.framework/Headers/react/nativemodule/core -Xcc -I/Users/toto/Library/Developer/Xcode/DerivedData/gama_driver-gbsukhebkfgletcnxidtxgnlkcik/Build/Products/Debug-iphonesimulator/ReactCommon-Samples/ReactCommon_Samples.framework/Headers -Xcc -I/Users/toto/Library/Developer/Xcode/DerivedData/gama_driver-gbsukhebkfgletcnxidtxgnlkcik/Build/Products/Debug-iphonesimulator/ReactCommon-Samples/ReactCommon_Samples.framework/Headers/platform/ios -Xcc -I/Users/toto/Library/Developer/Xcode/DerivedData/gama_driver-gbsukhebkfgletcnxidtxgnlkcik/Build/Products/Debug-iphonesimulator/React-Fabric/React_Fabric.framework/Headers/react/renderer/components/view/platform/cxx -Xcc -I/Users/toto/Library/Developer/Xcode/DerivedData/gama_driver-gbsukhebkfgletcnxidtxgnlkcik/Build/Products/Debug-iphonesimulator/React-NativeModulesApple/React_NativeModulesApple.framework/Headers -Xcc -I/Users/toto/Library/Developer/Xcode/DerivedData/gama_driver-gbsukhebkfgletcnxidtxgnlkcik/Build/Products/Debug-iphonesimulator/React-graphics/React_graphics.framework/Headers -Xcc -I/Users/toto/Library/Developer/Xcode/DerivedData/gama_driver-gbsukhebkfgletcnxidtxgnlkcik/Build/Products/Debug-iphonesimulator/React-graphics/React_graphics.framework/Headers/react/renderer/graphics/platform/ios -Xcc -I/Users/toto/Library/Developer/Xcode/DerivedData/gama_driver-gbsukhebkfgletcnxidtxgnlkcik/Build/Intermediates.noindex/Pods.build/Debug-iphonesimulator/FirebaseSharedSwift.build/DerivedSources-normal/x86_64 -Xcc -I/Users/toto/Library/Developer/Xcode/DerivedData/gama_driver-gbsukhebkfgletcnxidtxgnlkcik/Build/Intermediates.noindex/Pods.build/Debug-iphonesimulator/FirebaseSharedSwift.build/DerivedSources/x86_64 -Xcc -I/Users/toto/Library/Developer/Xcode/DerivedData/gama_driver-gbsukhebkfgletcnxidtxgnlkcik/Build/Intermediates.noindex/Pods.build/Debug-iphonesimulator/FirebaseSharedSwift.build/DerivedSources -Xcc -DPOD_CONFIGURATION_DEBUG\=1 -Xcc -DDEBUG\=1 -Xcc -DCOCOAPODS\=1 -Xcc -ivfsoverlay -Xcc /Users/toto/Library/Developer/Xcode/DerivedData/gama_driver-gbsukhebkfgletcnxidtxgnlkcik/Build/Intermediates.noindex/Pods.build/Debug-iphonesimulator/FirebaseSharedSwift.build/unextended-module-overlay.yaml -module-name FirebaseSharedSwift -disable-clang-spi -target-sdk-version 17.2 -target-sdk-name iphonesimulator17.2 -external-plugin-path /Applications/Xcode.app/Contents/Developer/Platforms/iPhoneSimulator.platform/Developer/SDKs/iPhoneSimulator17.2.sdk/usr/lib/swift/host/plugins\#/Applications/Xcode.app/Contents/Developer/Platforms/iPhoneSimulator.platform/Developer/SDKs/iPhoneSimulator17.2.sdk/usr/bin/swift-plugin-server -external-plugin-path /Applications/Xcode.app/Contents/Developer/Platforms/iPhoneSimulator.platform/Developer/SDKs/iPhoneSimulator17.2.sdk/usr/local/lib/swift/host/plugins\#/Applications/Xcode.app/Contents/Developer/Platforms/iPhoneSimulator.platform/Developer/SDKs/iPhoneSimulator17.2.sdk/usr/bin/swift-plugin-server -external-plugin-path /Applications/Xcode.app/Contents/Developer/Platforms/iPhoneOS.platform/Developer/usr/lib/swift/host/plugins\#/Applications/Xcode.app/Contents/Developer/Platforms/iPhoneOS.platform/Developer/usr/bin/swift-plugin-server -external-plugin-path /Applications/Xcode.app/Contents/Developer/Platforms/iPhoneOS.platform/Developer/usr/local/lib/swift/host/plugins\#/Applications/Xcode.app/Contents/Developer/Platforms/iPhoneOS.platform/Developer/usr/bin/swift-plugin-server -plugin-path /Applications/Xcode.app/Contents/Developer/Toolchains/XcodeDefault.xctoolchain/usr/lib/swift/host/plugins -plugin-path /Applications/Xcode.app/Contents/Developer/Toolchains/XcodeDefault.xctoolchain/usr/local/lib/swift/host/plugins -emit-module-doc-path /Users/toto/Library/Developer/Xcode/DerivedData/gama_driver-gbsukhebkfgletcnxidtxgnlkcik/Build/Intermediates.noindex/Pods.build/Debug-iphonesimulator/FirebaseSharedSwift.build/Objects-normal/x86_64/FirebaseSharedSwift.swiftdoc -emit-module-source-info-path /Users/toto/Library/Developer/Xcode/DerivedData/gama_driver-gbsukhebkfgletcnxidtxgnlkcik/Build/Intermediates.noindex/Pods.build/Debug-iphonesimulator/FirebaseSharedSwift.build/Objects-normal/x86_64/FirebaseSharedSwift.swiftsourceinfo -emit-objc-header-path /Users/toto/Library/Developer/Xcode/DerivedData/gama_driver-gbsukhebkfgletcnxidtxgnlkcik/Build/Intermediates.noindex/Pods.build/Debug-iphonesimulator/FirebaseSharedSwift.build/Objects-normal/x86_64/FirebaseSharedSwift-Swift.h -serialize-diagnostics-path /Users/toto/Library/Developer/Xcode/DerivedData/gama_driver-gbsukhebkfgletcnxidtxgnlkcik/Build/Intermediates.noindex/Pods.build/Debug-iphonesimulator/FirebaseSharedSwift.build/Objects-normal/x86_64/FirebaseSharedSwift-master-emit-module.dia -emit-dependencies-path /Users/toto/Library/Developer/Xcode/DerivedData/gama_driver-gbsukhebkfgletcnxidtxgnlkcik/Build/Intermediates.noindex/Pods.build/Debug-iphonesimulator/FirebaseSharedSwift.build/Objects-normal/x86_64/FirebaseSharedSwift-master-emit-module.d -o /Users/toto/Library/Developer/Xcode/DerivedData/gama_driver-gbsukhebkfgletcnxidtxgnlkcik/Build/Intermediates.noindex/Pods.build/Debug-iphonesimulator/FirebaseSharedSwift.build/Objects-normal/x86_64/FirebaseSharedSwift.swiftmodule -emit-abi-descriptor-path /Users/toto/Library/Developer/Xcode/DerivedData/gama_driver-gbsukhebkfgletcnxidtxgnlkcik/Build/Intermediates.noindex/Pods.build/Debug-iphonesimulator/FirebaseSharedSwift.build/Objects-normal/x86_64/FirebaseSharedSwift.abi.json

/Users/toto/Desktop/gamav2_driver/ios/Pods/FirebaseSharedSwift/FirebaseSharedSwift/Sources/third_party/FirebaseDataEncoder/FirebaseDataEncoder.swift:2614:1: error: expressions are not allowed at the top level
nonisolated(unsafe) fileprivate var _iso8601Formatter: ISO8601DateFormatter = {
^
/Users/toto/Desktop/gamav2_driver/ios/Pods/FirebaseSharedSwift/FirebaseSharedSwift/Sources/third_party/FirebaseDataEncoder/FirebaseDataEncoder.swift:2614:20: error: consecutive statements on a line must be separated by ';'
nonisolated(unsafe) fileprivate var _iso8601Formatter: ISO8601DateFormatter = {
                   ^
                   ;
/Users/toto/Desktop/gamav2_driver/ios/Pods/FirebaseSharedSwift/FirebaseSharedSwift/Sources/third_party/FirebaseDataEncoder/FirebaseDataEncoder.swift:289:64: error: consecutive declarations on a line must be separated by ';'
  open func encode<T : Encodable>(_ value: T) throws -> sending Any {
                                                               ^
                                                               ;
/Users/toto/Desktop/gamav2_driver/ios/Pods/FirebaseSharedSwift/FirebaseSharedSwift/Sources/third_party/FirebaseDataEncoder/FirebaseDataEncoder.swift:289:65: error: expected declaration
  open func encode<T : Encodable>(_ value: T) throws -> sending Any {
                                                                ^
/Users/toto/Desktop/gamav2_driver/ios/Pods/FirebaseSharedSwift/FirebaseSharedSwift/Sources/third_party/FirebaseDataEncoder/FirebaseDataEncoder.swift:110:14: note: in declaration of 'FirebaseDataEncoder'
public class FirebaseDataEncoder {
             ^
/Users/toto/Desktop/gamav2_driver/ios/Pods/FirebaseSharedSwift/FirebaseSharedSwift/Sources/third_party/FirebaseDataEncoder/FirebaseDataEncoder.swift:289:57: error: cannot find type 'sending' in scope
  open func encode<T : Encodable>(_ value: T) throws -> sending Any {
                                                        ^~~~~~~
/Users/toto/Desktop/gamav2_driver/ios/Pods/FirebaseSharedSwift/FirebaseSharedSwift/Sources/third_party/FirebaseDataEncoder/FirebaseDataEncoder.swift:2614:1: error: cannot find 'nonisolated' in scope
nonisolated(unsafe) fileprivate var _iso8601Formatter: ISO8601DateFormatter = {
^~~~~~~~~~~
/Users/toto/Desktop/gamav2_driver/ios/Pods/FirebaseSharedSwift/FirebaseSharedSwift/Sources/third_party/FirebaseDataEncoder/FirebaseDataEncoder.swift:2614:13: error: cannot find 'unsafe' in scope
nonisolated(unsafe) fileprivate var _iso8601Formatter: ISO8601DateFormatter = {
            ^~~~~~

/Users/toto/Desktop/gamav2_driver/ios/Pods/FirebaseSharedSwift/FirebaseSharedSwift/Sources/third_party/FirebaseDataEncoder/FirebaseDataEncoder.swift:2614:1: Expressions are not allowed at the top level

/Users/toto/Desktop/gamav2_driver/ios/Pods/FirebaseSharedSwift/FirebaseSharedSwift/Sources/third_party/FirebaseDataEncoder/FirebaseDataEncoder.swift:2614:20: Consecutive statements on a line must be separated by ';'

/Users/toto/Desktop/gamav2_driver/ios/Pods/FirebaseSharedSwift/FirebaseSharedSwift/Sources/third_party/FirebaseDataEncoder/FirebaseDataEncoder.swift:289:64: Consecutive declarations on a line must be separated by ';'

/Users/toto/Desktop/gamav2_driver/ios/Pods/FirebaseSharedSwift/FirebaseSharedSwift/Sources/third_party/FirebaseDataEncoder/FirebaseDataEncoder.swift:289:65: Expected declaration

/Users/toto/Desktop/gamav2_driver/ios/Pods/FirebaseSharedSwift/FirebaseSharedSwift/Sources/third_party/FirebaseDataEncoder/FirebaseDataEncoder.swift:289:57: Cannot find type 'sending' in scope

/Users/toto/Desktop/gamav2_driver/ios/Pods/FirebaseSharedSwift/FirebaseSharedSwift/Sources/third_party/FirebaseDataEncoder/FirebaseDataEncoder.swift:2614:1: Cannot find 'nonisolated' in scope

/Users/toto/Desktop/gamav2_driver/ios/Pods/FirebaseSharedSwift/FirebaseSharedSwift/Sources/third_party/FirebaseDataEncoder/FirebaseDataEncoder.swift:2614:13: Cannot find 'unsafe' in scope

SwiftCompile normal x86_64 Compiling\ FirebaseRemoteConfigValueDecoding.swift /Users/toto/Desktop/gamav2_driver/ios/Pods/FirebaseSharedSwift/FirebaseSharedSwift/Sources/FirebaseRemoteConfigValueDecoding.swift (in target 'FirebaseSharedSwift' from project 'Pods')
    cd /Users/toto/Desktop/gamav2_driver/ios/Pods
    builtin-swiftTaskExecution -- /Applications/Xcode.app/Contents/Developer/Toolchains/XcodeDefault.xctoolchain/usr/bin/swift-frontend -frontend -c /Users/toto/Desktop/gamav2_driver/ios/Pods/FirebaseSharedSwift/FirebaseSharedSwift/Sources/third_party/FirebaseDataEncoder/FirebaseDataEncoder.swift -primary-file /Users/toto/Desktop/gamav2_driver/ios/Pods/FirebaseSharedSwift/FirebaseSharedSwift/Sources/FirebaseRemoteConfigValueDecoding.swift -emit-dependencies-path /Users/toto/Library/Developer/Xcode/DerivedData/gama_driver-gbsukhebkfgletcnxidtxgnlkcik/Build/Intermediates.noindex/Pods.build/Debug-iphonesimulator/FirebaseSharedSwift.build/Objects-normal/x86_64/FirebaseRemoteConfigValueDecoding.d -emit-const-values-path /Users/toto/Library/Developer/Xcode/DerivedData/gama_driver-gbsukhebkfgletcnxidtxgnlkcik/Build/Intermediates.noindex/Pods.build/Debug-iphonesimulator/FirebaseSharedSwift.build/Objects-normal/x86_64/FirebaseRemoteConfigValueDecoding.swiftconstvalues -emit-reference-dependencies-path /Users/toto/Library/Developer/Xcode/DerivedData/gama_driver-gbsukhebkfgletcnxidtxgnlkcik/Build/Intermediates.noindex/Pods.build/Debug-iphonesimulator/FirebaseSharedSwift.build/Objects-normal/x86_64/FirebaseRemoteConfigValueDecoding.swiftdeps -serialize-diagnostics-path /Users/toto/Library/Developer/Xcode/DerivedData/gama_driver-gbsukhebkfgletcnxidtxgnlkcik/Build/Intermediates.noindex/Pods.build/Debug-iphonesimulator/FirebaseSharedSwift.build/Objects-normal/x86_64/FirebaseRemoteConfigValueDecoding.dia -target x86_64-apple-ios13.0-simulator -enable-objc-interop -sdk /Applications/Xcode.app/Contents/Developer/Platforms/iPhoneSimulator.platform/Developer/SDKs/iPhoneSimulator17.2.sdk -I /Users/toto/Library/Developer/Xcode/DerivedData/gama_driver-gbsukhebkfgletcnxidtxgnlkcik/Build/Products/Debug-iphonesimulator/FirebaseSharedSwift -F /Users/toto/Library/Developer/Xcode/DerivedData/gama_driver-gbsukhebkfgletcnxidtxgnlkcik/Build/Products/Debug-iphonesimulator/FirebaseSharedSwift -no-color-diagnostics -enable-testing -g -import-underlying-module -module-cache-path /Users/toto/Library/Developer/Xcode/DerivedData/ModuleCache.noindex -swift-version 5 -enforce-exclusivity\=checked -Onone -D DEBUG -D COCOAPODS -serialize-debugging-options -const-gather-protocols-file /Users/toto/Library/Developer/Xcode/DerivedData/gama_driver-gbsukhebkfgletcnxidtxgnlkcik/Build/Intermediates.noindex/Pods.build/Debug-iphonesimulator/FirebaseSharedSwift.build/Objects-normal/x86_64/FirebaseSharedSwift_const_extract_protocols.json -enable-bare-slash-regex -empty-abi-descriptor -validate-clang-modules-once -clang-build-session-file /Users/toto/Library/Developer/Xcode/DerivedData/ModuleCache.noindex/Session.modulevalidation -Xcc -working-directory -Xcc /Users/toto/Desktop/gamav2_driver/ios/Pods -resource-dir /Applications/Xcode.app/Contents/Developer/Toolchains/XcodeDefault.xctoolchain/usr/lib/swift -enable-anonymous-context-mangled-names -Xcc -ivfsstatcache -Xcc /Users/toto/Library/Developer/Xcode/DerivedData/SDKStatCaches.noindex/iphonesimulator17.2-21C52-4f2951bfe8f3cd53c99228b0131e163e.sdkstatcache -Xcc -I/Users/toto/Library/Developer/Xcode/DerivedData/gama_driver-gbsukhebkfgletcnxidtxgnlkcik/Build/Intermediates.noindex/Pods.build/Debug-iphonesimulator/FirebaseSharedSwift.build/swift-overrides.hmap -Xcc -iquote -Xcc /Users/toto/Library/Developer/Xcode/DerivedData/gama_driver-gbsukhebkfgletcnxidtxgnlkcik/Build/Intermediates.noindex/Pods.build/Debug-iphonesimulator/FirebaseSharedSwift.build/FirebaseSharedSwift-generated-files.hmap -Xcc -I/Users/toto/Library/Developer/Xcode/DerivedData/gama_driver-gbsukhebkfgletcnxidtxgnlkcik/Build/Intermediates.noindex/Pods.build/Debug-iphonesimulator/FirebaseSharedSwift.build/FirebaseSharedSwift-own-target-headers.hmap -Xcc -I/Users/toto/Library/Developer/Xcode/DerivedData/gama_driver-gbsukhebkfgletcnxidtxgnlkcik/Build/Intermediates.noindex/Pods.build/Debug-iphonesimulator/FirebaseSharedSwift.build/FirebaseSharedSwift-all-non-framework-target-headers.hmap -Xcc -ivfsoverlay -Xcc /Users/toto/Library/Developer/Xcode/DerivedData/gama_driver-gbsukhebkfgletcnxidtxgnlkcik/Build/Intermediates.noindex/Pods.build/Debug-iphonesimulator/FirebaseSharedSwift.build/all-product-headers.yaml -Xcc -iquote -Xcc /Users/toto/Library/Developer/Xcode/DerivedData/gama_driver-gbsukhebkfgletcnxidtxgnlkcik/Build/Intermediates.noindex/Pods.build/Debug-iphonesimulator/FirebaseSharedSwift.build/FirebaseSharedSwift-project-headers.hmap -Xcc -I/Users/toto/Library/Developer/Xcode/DerivedData/gama_driver-gbsukhebkfgletcnxidtxgnlkcik/Build/Products/Debug-iphonesimulator/FirebaseSharedSwift/include -Xcc -I/Users/toto/Library/Developer/Xcode/DerivedData/gama_driver-gbsukhebkfgletcnxidtxgnlkcik/Build/Products/Debug-iphonesimulator/ReactCommon/ReactCommon.framework/Headers -Xcc -I/Users/toto/Library/Developer/Xcode/DerivedData/gama_driver-gbsukhebkfgletcnxidtxgnlkcik/Build/Products/Debug-iphonesimulator/ReactCommon/ReactCommon.framework/Headers/react/nativemodule/core -Xcc -I/Users/toto/Library/Developer/Xcode/DerivedData/gama_driver-gbsukhebkfgletcnxidtxgnlkcik/Build/Products/Debug-iphonesimulator/ReactCommon-Samples/ReactCommon_Samples.framework/Headers -Xcc -I/Users/toto/Library/Developer/Xcode/DerivedData/gama_driver-gbsukhebkfgletcnxidtxgnlkcik/Build/Products/Debug-iphonesimulator/ReactCommon-Samples/ReactCommon_Samples.framework/Headers/platform/ios -Xcc -I/Users/toto/Library/Developer/Xcode/DerivedData/gama_driver-gbsukhebkfgletcnxidtxgnlkcik/Build/Products/Debug-iphonesimulator/React-Fabric/React_Fabric.framework/Headers/react/renderer/components/view/platform/cxx -Xcc -I/Users/toto/Library/Developer/Xcode/DerivedData/gama_driver-gbsukhebkfgletcnxidtxgnlkcik/Build/Products/Debug-iphonesimulator/React-NativeModulesApple/React_NativeModulesApple.framework/Headers -Xcc -I/Users/toto/Library/Developer/Xcode/DerivedData/gama_driver-gbsukhebkfgletcnxidtxgnlkcik/Build/Products/Debug-iphonesimulator/React-graphics/React_graphics.framework/Headers -Xcc -I/Users/toto/Library/Developer/Xcode/DerivedData/gama_driver-gbsukhebkfgletcnxidtxgnlkcik/Build/Products/Debug-iphonesimulator/React-graphics/React_graphics.framework/Headers/react/renderer/graphics/platform/ios -Xcc -I/Users/toto/Library/Developer/Xcode/DerivedData/gama_driver-gbsukhebkfgletcnxidtxgnlkcik/Build/Intermediates.noindex/Pods.build/Debug-iphonesimulator/FirebaseSharedSwift.build/DerivedSources-normal/x86_64 -Xcc -I/Users/toto/Library/Developer/Xcode/DerivedData/gama_driver-gbsukhebkfgletcnxidtxgnlkcik/Build/Intermediates.noindex/Pods.build/Debug-iphonesimulator/FirebaseSharedSwift.build/DerivedSources/x86_64 -Xcc -I/Users/toto/Library/Developer/Xcode/DerivedData/gama_driver-gbsukhebkfgletcnxidtxgnlkcik/Build/Intermediates.noindex/Pods.build/Debug-iphonesimulator/FirebaseSharedSwift.build/DerivedSources -Xcc -DPOD_CONFIGURATION_DEBUG\=1 -Xcc -DDEBUG\=1 -Xcc -DCOCOAPODS\=1 -Xcc -ivfsoverlay -Xcc /Users/toto/Library/Developer/Xcode/DerivedData/gama_driver-gbsukhebkfgletcnxidtxgnlkcik/Build/Intermediates.noindex/Pods.build/Debug-iphonesimulator/FirebaseSharedSwift.build/unextended-module-overlay.yaml -module-name FirebaseSharedSwift -frontend-parseable-output -disable-clang-spi -target-sdk-version 17.2 -target-sdk-name iphonesimulator17.2 -external-plugin-path /Applications/Xcode.app/Contents/Developer/Platforms/iPhoneSimulator.platform/Developer/SDKs/iPhoneSimulator17.2.sdk/usr/lib/swift/host/plugins\#/Applications/Xcode.app/Contents/Developer/Platforms/iPhoneSimulator.platform/Developer/SDKs/iPhoneSimulator17.2.sdk/usr/bin/swift-plugin-server -external-plugin-path /Applications/Xcode.app/Contents/Developer/Platforms/iPhoneSimulator.platform/Developer/SDKs/iPhoneSimulator17.2.sdk/usr/local/lib/swift/host/plugins\#/Applications/Xcode.app/Contents/Developer/Platforms/iPhoneSimulator.platform/Developer/SDKs/iPhoneSimulator17.2.sdk/usr/bin/swift-plugin-server -external-plugin-path /Applications/Xcode.app/Contents/Developer/Platforms/iPhoneOS.platform/Developer/usr/lib/swift/host/plugins\#/Applications/Xcode.app/Contents/Developer/Platforms/iPhoneOS.platform/Developer/usr/bin/swift-plugin-server -external-plugin-path /Applications/Xcode.app/Contents/Developer/Platforms/iPhoneOS.platform/Developer/usr/local/lib/swift/host/plugins\#/Applications/Xcode.app/Contents/Developer/Platforms/iPhoneOS.platform/Developer/usr/bin/swift-plugin-server -plugin-path /Applications/Xcode.app/Contents/Developer/Toolchains/XcodeDefault.xctoolchain/usr/lib/swift/host/plugins -plugin-path /Applications/Xcode.app/Contents/Developer/Toolchains/XcodeDefault.xctoolchain/usr/local/lib/swift/host/plugins -o /Users/toto/Library/Developer/Xcode/DerivedData/gama_driver-gbsukhebkfgletcnxidtxgnlkcik/Build/Intermediates.noindex/Pods.build/Debug-iphonesimulator/FirebaseSharedSwift.build/Objects-normal/x86_64/FirebaseRemoteConfigValueDecoding.o -index-unit-output-path /Pods.build/Debug-iphonesimulator/FirebaseSharedSwift.build/Objects-normal/x86_64/FirebaseRemoteConfigValueDecoding.o -index-store-path /Users/toto/Library/Developer/Xcode/DerivedData/gama_driver-gbsukhebkfgletcnxidtxgnlkcik/Index.noindex/DataStore -index-system-modules

SwiftCompile normal x86_64 /Users/toto/Desktop/gamav2_driver/ios/Pods/FirebaseSharedSwift/FirebaseSharedSwift/Sources/FirebaseRemoteConfigValueDecoding.swift (in target 'FirebaseSharedSwift' from project 'Pods')
    cd /Users/toto/Desktop/gamav2_driver/ios/Pods
    /Applications/Xcode.app/Contents/Developer/Toolchains/XcodeDefault.xctoolchain/usr/bin/swift-frontend -c /Users/toto/Desktop/gamav2_driver/ios/Pods/FirebaseSharedSwift/FirebaseSharedSwift/Sources/third_party/FirebaseDataEncoder/FirebaseDataEncoder.swift -primary-file /Users/toto/Desktop/gamav2_driver/ios/Pods/FirebaseSharedSwift/FirebaseSharedSwift/Sources/FirebaseRemoteConfigValueDecoding.swift -emit-dependencies-path /Users/toto/Library/Developer/Xcode/DerivedData/gama_driver-gbsukhebkfgletcnxidtxgnlkcik/Build/Intermediates.noindex/Pods.build/Debug-iphonesimulator/FirebaseSharedSwift.build/Objects-normal/x86_64/FirebaseRemoteConfigValueDecoding.d -emit-const-values-path /Users/toto/Library/Developer/Xcode/DerivedData/gama_driver-gbsukhebkfgletcnxidtxgnlkcik/Build/Intermediates.noindex/Pods.build/Debug-iphonesimulator/FirebaseSharedSwift.build/Objects-normal/x86_64/FirebaseRemoteConfigValueDecoding.swiftconstvalues -emit-reference-dependencies-path /Users/toto/Library/Developer/Xcode/DerivedData/gama_driver-gbsukhebkfgletcnxidtxgnlkcik/Build/Intermediates.noindex/Pods.build/Debug-iphonesimulator/FirebaseSharedSwift.build/Objects-normal/x86_64/FirebaseRemoteConfigValueDecoding.swiftdeps -serialize-diagnostics-path /Users/toto/Library/Developer/Xcode/DerivedData/gama_driver-gbsukhebkfgletcnxidtxgnlkcik/Build/Intermediates.noindex/Pods.build/Debug-iphonesimulator/FirebaseSharedSwift.build/Objects-normal/x86_64/FirebaseRemoteConfigValueDecoding.dia -target x86_64-apple-ios13.0-simulator -enable-objc-interop -sdk /Applications/Xcode.app/Contents/Developer/Platforms/iPhoneSimulator.platform/Developer/SDKs/iPhoneSimulator17.2.sdk -I /Users/toto/Library/Developer/Xcode/DerivedData/gama_driver-gbsukhebkfgletcnxidtxgnlkcik/Build/Products/Debug-iphonesimulator/FirebaseSharedSwift -F /Users/toto/Library/Developer/Xcode/DerivedData/gama_driver-gbsukhebkfgletcnxidtxgnlkcik/Build/Products/Debug-iphonesimulator/FirebaseSharedSwift -no-color-diagnostics -enable-testing -g -import-underlying-module -module-cache-path /Users/toto/Library/Developer/Xcode/DerivedData/ModuleCache.noindex -swift-version 5 -enforce-exclusivity\=checked -Onone -D DEBUG -D COCOAPODS -serialize-debugging-options -const-gather-protocols-file /Users/toto/Library/Developer/Xcode/DerivedData/gama_driver-gbsukhebkfgletcnxidtxgnlkcik/Build/Intermediates.noindex/Pods.build/Debug-iphonesimulator/FirebaseSharedSwift.build/Objects-normal/x86_64/FirebaseSharedSwift_const_extract_protocols.json -enable-bare-slash-regex -empty-abi-descriptor -validate-clang-modules-once -clang-build-session-file /Users/toto/Library/Developer/Xcode/DerivedData/ModuleCache.noindex/Session.modulevalidation -Xcc -working-directory -Xcc /Users/toto/Desktop/gamav2_driver/ios/Pods -resource-dir /Applications/Xcode.app/Contents/Developer/Toolchains/XcodeDefault.xctoolchain/usr/lib/swift -enable-anonymous-context-mangled-names -Xcc -ivfsstatcache -Xcc /Users/toto/Library/Developer/Xcode/DerivedData/SDKStatCaches.noindex/iphonesimulator17.2-21C52-4f2951bfe8f3cd53c99228b0131e163e.sdkstatcache -Xcc -I/Users/toto/Library/Developer/Xcode/DerivedData/gama_driver-gbsukhebkfgletcnxidtxgnlkcik/Build/Intermediates.noindex/Pods.build/Debug-iphonesimulator/FirebaseSharedSwift.build/swift-overrides.hmap -Xcc -iquote -Xcc /Users/toto/Library/Developer/Xcode/DerivedData/gama_driver-gbsukhebkfgletcnxidtxgnlkcik/Build/Intermediates.noindex/Pods.build/Debug-iphonesimulator/FirebaseSharedSwift.build/FirebaseSharedSwift-generated-files.hmap -Xcc -I/Users/toto/Library/Developer/Xcode/DerivedData/gama_driver-gbsukhebkfgletcnxidtxgnlkcik/Build/Intermediates.noindex/Pods.build/Debug-iphonesimulator/FirebaseSharedSwift.build/FirebaseSharedSwift-own-target-headers.hmap -Xcc -I/Users/toto/Library/Developer/Xcode/DerivedData/gama_driver-gbsukhebkfgletcnxidtxgnlkcik/Build/Intermediates.noindex/Pods.build/Debug-iphonesimulator/FirebaseSharedSwift.build/FirebaseSharedSwift-all-non-framework-target-headers.hmap -Xcc -ivfsoverlay -Xcc /Users/toto/Library/Developer/Xcode/DerivedData/gama_driver-gbsukhebkfgletcnxidtxgnlkcik/Build/Intermediates.noindex/Pods.build/Debug-iphonesimulator/FirebaseSharedSwift.build/all-product-headers.yaml -Xcc -iquote -Xcc /Users/toto/Library/Developer/Xcode/DerivedData/gama_driver-gbsukhebkfgletcnxidtxgnlkcik/Build/Intermediates.noindex/Pods.build/Debug-iphonesimulator/FirebaseSharedSwift.build/FirebaseSharedSwift-project-headers.hmap -Xcc -I/Users/toto/Library/Developer/Xcode/DerivedData/gama_driver-gbsukhebkfgletcnxidtxgnlkcik/Build/Products/Debug-iphonesimulator/FirebaseSharedSwift/include -Xcc -I/Users/toto/Library/Developer/Xcode/DerivedData/gama_driver-gbsukhebkfgletcnxidtxgnlkcik/Build/Products/Debug-iphonesimulator/ReactCommon/ReactCommon.framework/Headers -Xcc -I/Users/toto/Library/Developer/Xcode/DerivedData/gama_driver-gbsukhebkfgletcnxidtxgnlkcik/Build/Products/Debug-iphonesimulator/ReactCommon/ReactCommon.framework/Headers/react/nativemodule/core -Xcc -I/Users/toto/Library/Developer/Xcode/DerivedData/gama_driver-gbsukhebkfgletcnxidtxgnlkcik/Build/Products/Debug-iphonesimulator/ReactCommon-Samples/ReactCommon_Samples.framework/Headers -Xcc -I/Users/toto/Library/Developer/Xcode/DerivedData/gama_driver-gbsukhebkfgletcnxidtxgnlkcik/Build/Products/Debug-iphonesimulator/ReactCommon-Samples/ReactCommon_Samples.framework/Headers/platform/ios -Xcc -I/Users/toto/Library/Developer/Xcode/DerivedData/gama_driver-gbsukhebkfgletcnxidtxgnlkcik/Build/Products/Debug-iphonesimulator/React-Fabric/React_Fabric.framework/Headers/react/renderer/components/view/platform/cxx -Xcc -I/Users/toto/Library/Developer/Xcode/DerivedData/gama_driver-gbsukhebkfgletcnxidtxgnlkcik/Build/Products/Debug-iphonesimulator/React-NativeModulesApple/React_NativeModulesApple.framework/Headers -Xcc -I/Users/toto/Library/Developer/Xcode/DerivedData/gama_driver-gbsukhebkfgletcnxidtxgnlkcik/Build/Products/Debug-iphonesimulator/React-graphics/React_graphics.framework/Headers -Xcc -I/Users/toto/Library/Developer/Xcode/DerivedData/gama_driver-gbsukhebkfgletcnxidtxgnlkcik/Build/Products/Debug-iphonesimulator/React-graphics/React_graphics.framework/Headers/react/renderer/graphics/platform/ios -Xcc -I/Users/toto/Library/Developer/Xcode/DerivedData/gama_driver-gbsukhebkfgletcnxidtxgnlkcik/Build/Intermediates.noindex/Pods.build/Debug-iphonesimulator/FirebaseSharedSwift.build/DerivedSources-normal/x86_64 -Xcc -I/Users/toto/Library/Developer/Xcode/DerivedData/gama_driver-gbsukhebkfgletcnxidtxgnlkcik/Build/Intermediates.noindex/Pods.build/Debug-iphonesimulator/FirebaseSharedSwift.build/DerivedSources/x86_64 -Xcc -I/Users/toto/Library/Developer/Xcode/DerivedData/gama_driver-gbsukhebkfgletcnxidtxgnlkcik/Build/Intermediates.noindex/Pods.build/Debug-iphonesimulator/FirebaseSharedSwift.build/DerivedSources -Xcc -DPOD_CONFIGURATION_DEBUG\=1 -Xcc -DDEBUG\=1 -Xcc -DCOCOAPODS\=1 -Xcc -ivfsoverlay -Xcc /Users/toto/Library/Developer/Xcode/DerivedData/gama_driver-gbsukhebkfgletcnxidtxgnlkcik/Build/Intermediates.noindex/Pods.build/Debug-iphonesimulator/FirebaseSharedSwift.build/unextended-module-overlay.yaml -module-name FirebaseSharedSwift -frontend-parseable-output -disable-clang-spi -target-sdk-version 17.2 -target-sdk-name iphonesimulator17.2 -external-plugin-path /Applications/Xcode.app/Contents/Developer/Platforms/iPhoneSimulator.platform/Developer/SDKs/iPhoneSimulator17.2.sdk/usr/lib/swift/host/plugins\#/Applications/Xcode.app/Contents/Developer/Platforms/iPhoneSimulator.platform/Developer/SDKs/iPhoneSimulator17.2.sdk/usr/bin/swift-plugin-server -external-plugin-path /Applications/Xcode.app/Contents/Developer/Platforms/iPhoneSimulator.platform/Developer/SDKs/iPhoneSimulator17.2.sdk/usr/local/lib/swift/host/plugins\#/Applications/Xcode.app/Contents/Developer/Platforms/iPhoneSimulator.platform/Developer/SDKs/iPhoneSimulator17.2.sdk/usr/bin/swift-plugin-server -external-plugin-path /Applications/Xcode.app/Contents/Developer/Platforms/iPhoneOS.platform/Developer/usr/lib/swift/host/plugins\#/Applications/Xcode.app/Contents/Developer/Platforms/iPhoneOS.platform/Developer/usr/bin/swift-plugin-server -external-plugin-path /Applications/Xcode.app/Contents/Developer/Platforms/iPhoneOS.platform/Developer/usr/local/lib/swift/host/plugins\#/Applications/Xcode.app/Contents/Developer/Platforms/iPhoneOS.platform/Developer/usr/bin/swift-plugin-server -plugin-path /Applications/Xcode.app/Contents/Developer/Toolchains/XcodeDefault.xctoolchain/usr/lib/swift/host/plugins -plugin-path /Applications/Xcode.app/Contents/Developer/Toolchains/XcodeDefault.xctoolchain/usr/local/lib/swift/host/plugins -o /Users/toto/Library/Developer/Xcode/DerivedData/gama_driver-gbsukhebkfgletcnxidtxgnlkcik/Build/Intermediates.noindex/Pods.build/Debug-iphonesimulator/FirebaseSharedSwift.build/Objects-normal/x86_64/FirebaseRemoteConfigValueDecoding.o -index-unit-output-path /Pods.build/Debug-iphonesimulator/FirebaseSharedSwift.build/Objects-normal/x86_64/FirebaseRemoteConfigValueDecoding.o -index-store-path /Users/toto/Library/Developer/Xcode/DerivedData/gama_driver-gbsukhebkfgletcnxidtxgnlkcik/Index.noindex/DataStore -index-system-modules

/Users/toto/Desktop/gamav2_driver/ios/Pods/FirebaseSharedSwift/FirebaseSharedSwift/Sources/third_party/FirebaseDataEncoder/FirebaseDataEncoder.swift:2614:1: error: expressions are not allowed at the top level
nonisolated(unsafe) fileprivate var _iso8601Formatter: ISO8601DateFormatter = {
^
/Users/toto/Desktop/gamav2_driver/ios/Pods/FirebaseSharedSwift/FirebaseSharedSwift/Sources/third_party/FirebaseDataEncoder/FirebaseDataEncoder.swift:2614:20: error: consecutive statements on a line must be separated by ';'
nonisolated(unsafe) fileprivate var _iso8601Formatter: ISO8601DateFormatter = {
                   ^
                   ;

/Users/toto/Desktop/gamav2_driver/ios/Pods/FirebaseSharedSwift/FirebaseSharedSwift/Sources/third_party/FirebaseDataEncoder/FirebaseDataEncoder.swift:2614:1: Expressions are not allowed at the top level

/Users/toto/Desktop/gamav2_driver/ios/Pods/FirebaseSharedSwift/FirebaseSharedSwift/Sources/third_party/FirebaseDataEncoder/FirebaseDataEncoder.swift:2614:20: Consecutive statements on a line must be separated by ';'



Build failed    25/01/26 20.37    340.0 seconds
